<?xml version="1.0" encoding="UTF-8"?>
<!-- Generated by org.testng.reporters.JUnitReportReporter -->
<testsuite hostname="LAPTOP-SNC2BPSD" failures="0" tests="3" name="org.shophunt.testscript.ShophuntFinalScript" time="5.776" errors="0" timestamp="2022-08-22T17:03:38 IST" skipped="0">
  <testcase classname="org.shophunt.testscript.ShophuntFinalScript" name="CreateCategory" time="2.453"/>
  <system-out/>
  <testcase classname="org.shophunt.testscript.ShophuntFinalScript" name="CreateSubcategory" time="0.772"/>
  <system-out/>
  <testcase classname="org.shophunt.testscript.ShophuntFinalScript" name="Wishlist" time="2.551"/>
  <system-out/>
</testsuite> <!-- org.shophunt.testscript.ShophuntFinalScript -->
