<?xml version="1.0" encoding="UTF-8"?>
<!-- Generated by org.testng.reporters.JUnitReportReporter -->
<testsuite hostname="LAPTOP-SNC2BPSD" failures="0" tests="1" name="org.shophunt.testscript.VerifyTheCreateCategoryModule" time="2.021" errors="0" timestamp="2022-08-25T15:13:32 IST" skipped="0">
  <testcase classname="org.shophunt.testscript.VerifyTheCreateCategoryModule" name="CreateCategory" time="2.021"/>
  <system-out/>
</testsuite> <!-- org.shophunt.testscript.VerifyTheCreateCategoryModule -->
