<?xml version="1.0" encoding="UTF-8"?>
<!-- Generated by org.testng.reporters.JUnitReportReporter -->
<testsuite hostname="LAPTOP-SNC2BPSD" failures="0" tests="3" name="org.shophunt.finalscript.ShophuntFinalScript" time="7.951" errors="0" timestamp="2022-08-22T13:09:08 IST" skipped="0">
  <testcase classname="org.shophunt.finalscript.ShophuntFinalScript" name="CreateCategory" time="2.458"/>
  <system-out/>
  <testcase classname="org.shophunt.finalscript.ShophuntFinalScript" name="CreateSubcategory" time="1.374"/>
  <system-out/>
  <testcase classname="org.shophunt.finalscript.ShophuntFinalScript" name="Wishlist" time="4.119"/>
  <system-out/>
</testsuite> <!-- org.shophunt.finalscript.ShophuntFinalScript -->
