<?xml version="1.0" encoding="UTF-8"?>
<!-- Generated by org.testng.reporters.JUnitReportReporter -->
<testsuite hostname="LAPTOP-SNC2BPSD" failures="0" tests="1" name="org.shophunt.subcategory.VerifyTheCreateSubCategoryPageComponent" time="1.959" errors="0" timestamp="2022-08-19T16:55:23 IST" skipped="0">
  <testcase classname="org.shophunt.subcategory.VerifyTheCreateSubCategoryPageComponent" name="test" time="1.959"/>
  <system-out/>
</testsuite> <!-- org.shophunt.subcategory.VerifyTheCreateSubCategoryPageComponent -->
