<?xml version="1.0" encoding="UTF-8"?>
<!-- Generated by org.testng.reporters.JUnitReportReporter -->
<testsuite hostname="LAPTOP-SNC2BPSD" failures="0" tests="1" name="org.shophunt.testscript.VerifyTheCreateSubCategoryPageComponentTest" time="1.837" errors="0" timestamp="2022-08-26T11:20:13 IST" skipped="0">
  <testcase classname="org.shophunt.testscript.VerifyTheCreateSubCategoryPageComponentTest" name="CreateSubcategory" time="1.837"/>
  <system-out/>
</testsuite> <!-- org.shophunt.testscript.VerifyTheCreateSubCategoryPageComponentTest -->
