<?xml version="1.0" encoding="UTF-8"?>
<!-- Generated by org.testng.reporters.JUnitReportReporter -->
<testsuite hostname="LAPTOP-SNC2BPSD" failures="0" tests="3" name="org.shophunt.testscript.ShophuntFinalScriptTest" time="6.663" errors="0" timestamp="2022-08-26T11:20:13 IST" skipped="0">
  <testcase classname="org.shophunt.testscript.ShophuntFinalScriptTest" name="CreateCategory" time="2.068"/>
  <system-out/>
  <testcase classname="org.shophunt.testscript.ShophuntFinalScriptTest" name="CreateSubcategory" time="1.335"/>
  <system-out/>
  <testcase classname="org.shophunt.testscript.ShophuntFinalScriptTest" name="Wishlist" time="3.260"/>
  <system-out/>
</testsuite> <!-- org.shophunt.testscript.ShophuntFinalScriptTest -->
