<?xml version="1.0" encoding="UTF-8"?>
<!-- Generated by org.testng.reporters.JUnitReportReporter -->
<testsuite hostname="LAPTOP-SNC2BPSD" failures="0" tests="1" name="org.shophunt.wishlist.VerifyThatProductIsAddedToAddCartThroughWishlist" time="3.342" errors="0" timestamp="2022-08-19T17:02:32 IST" skipped="0">
  <testcase classname="org.shophunt.wishlist.VerifyThatProductIsAddedToAddCartThroughWishlist" name="test" time="3.342"/>
  <system-out/>
</testsuite> <!-- org.shophunt.wishlist.VerifyThatProductIsAddedToAddCartThroughWishlist -->
