<?xml version="1.0" encoding="UTF-8"?>
<!-- Generated by org.testng.reporters.JUnitReportReporter -->
<testsuite hostname="LAPTOP-SNC2BPSD" failures="0" tests="1" name="org.shophunt.testscript.VerifyTheCreateSubCategoryPageComponent" time="1.742" errors="0" timestamp="2022-08-25T15:14:06 IST" skipped="0">
  <testcase classname="org.shophunt.testscript.VerifyTheCreateSubCategoryPageComponent" name="CreateSubcategory" time="1.742"/>
  <system-out/>
</testsuite> <!-- org.shophunt.testscript.VerifyTheCreateSubCategoryPageComponent -->
