<?xml version="1.0" encoding="UTF-8"?>
<!-- Generated by org.testng.reporters.JUnitReportReporter -->
<testsuite hostname="LAPTOP-SNC2BPSD" failures="0" tests="1" name="org.shophunt.testscript.VerifyThatProductIsAddedToAddCartThroughWishlistTest" time="3.468" errors="0" timestamp="2022-08-26T11:20:13 IST" skipped="0">
  <testcase classname="org.shophunt.testscript.VerifyThatProductIsAddedToAddCartThroughWishlistTest" name="Wishlist" time="3.468"/>
  <system-out/>
</testsuite> <!-- org.shophunt.testscript.VerifyThatProductIsAddedToAddCartThroughWishlistTest -->
