<?xml version="1.0" encoding="UTF-8"?>
<!-- Generated by org.testng.reporters.JUnitReportReporter -->
<testsuite hostname="LAPTOP-SNC2BPSD" failures="0" tests="1" name="org.shophunt.testscript.VerifyThatProductIsAddedToAddCartThroughWishlist" time="6.360" errors="0" timestamp="2022-08-25T10:52:56 IST" skipped="0">
  <testcase classname="org.shophunt.testscript.VerifyThatProductIsAddedToAddCartThroughWishlist" name="Wishlist" time="6.360"/>
  <system-out/>
</testsuite> <!-- org.shophunt.testscript.VerifyThatProductIsAddedToAddCartThroughWishlist -->
