<?xml version="1.0" encoding="UTF-8"?>
<!-- Generated by org.testng.reporters.JUnitReportReporter -->
<testsuite hostname="LAPTOP-SNC2BPSD" failures="0" tests="1" name="org.shophunt.createcategory.VerifyTheCreateCategoryModule" time="2.514" errors="0" timestamp="2022-08-22T11:53:51 IST" skipped="0">
  <testcase classname="org.shophunt.createcategory.VerifyTheCreateCategoryModule" name="CreateCategory" time="2.514"/>
  <system-out/>
</testsuite> <!-- org.shophunt.createcategory.VerifyTheCreateCategoryModule -->
