<?xml version="1.0" encoding="UTF-8"?>
<!-- Generated by org.testng.reporters.JUnitReportReporter -->
<testsuite hostname="LAPTOP-SNC2BPSD" failures="0" tests="1" name="org.shophunt.testscript.VerifyThatProductIsAddedToAddCartThroughWishlist" time="3.994" errors="0" timestamp="2022-08-25T15:10:53 IST" skipped="0">
  <testcase classname="org.shophunt.testscript.VerifyThatProductIsAddedToAddCartThroughWishlist" name="Wishlist" time="3.994"/>
  <system-out/>
</testsuite> <!-- org.shophunt.testscript.VerifyThatProductIsAddedToAddCartThroughWishlist -->
